// 重构日志: bcc408bd
// 重构日志: ef61b437
// 重构日志: 70eabd1a
// 重构日志: 63a46b8a
// 重构日志: de573d3c
// 同步 ID: 6b7d7b84 @ Tue Jun 30 12:19:50 UTC 2026
// 重构日志: a42220b1
// 同步 ID: fcf8cbf1 @ Wed Jul  1 19:30:36 UTC 2026
// 重构日志: df82a8b9
// 同步 ID: e85dbf61 @ Sat Jul  4 07:36:13 UTC 2026
// 重构日志: 674eec1a
// 重构日志: 3501b320
// 同步 ID: c93740df @ Fri Jul 10 10:56:58 UTC 2026
// 同步 ID: 271e3818 @ Fri Jul 10 17:33:07 UTC 2026
// 重构日志: bcdd1004
// 重构日志: a88aa0a1
// 重构日志: 78167d3b
// 重构日志: 26664dd3
// 同步 ID: 714e8876 @ Sun Jul 12 13:27:04 UTC 2026
// 重构日志: 78f8bd90
// 重构日志: fbabe7e6
// 重构日志: 60cb5d61
// 同步 ID: 98f7d802 @ Wed Jul 15 02:03:01 UTC 2026
// 重构日志: a619efc4
// 重构日志: 0968741b
// 重构日志: 2324a6db
